<?xml version="1.0" encoding="UTF-8"?>
<!-- Generated by org.testng.reporters.JUnitXMLReporter -->
<testsuite hostname="lenovo" ignored="0" name="Running DDT test" tests="10" failures="0" timestamp="08 Sep 2019 14:33:10 GMT" time="56.504" errors="0">
  <testcase name="FormFill" time="5.513" classname="module9.TestCase.DDT"/>
  <testcase name="FormFill" time="5.674" classname="module9.TestCase.DDT"/>
  <testcase name="FormFill" time="5.725" classname="module9.TestCase.DDT"/>
  <testcase name="FormFill" time="5.701" classname="module9.TestCase.DDT"/>
  <testcase name="FormFill" time="6.016" classname="module9.TestCase.DDT"/>
  <testcase name="FormFill" time="5.362" classname="module9.TestCase.DDT"/>
  <testcase name="FormFill" time="5.435" classname="module9.TestCase.DDT"/>
  <testcase name="FormFill" time="5.518" classname="module9.TestCase.DDT"/>
  <testcase name="FormFill" time="5.345" classname="module9.TestCase.DDT"/>
  <testcase name="FormFill" time="5.348" classname="module9.TestCase.DDT"/>
</testsuite> <!-- Running DDT test -->
