<?xml version="1.0" encoding="UTF-8"?>
<!-- Generated by org.testng.reporters.JUnitXMLReporter -->
<testsuite hostname="lenovo" ignored="2" name="Default test" tests="5" failures="0" timestamp="26 Sep 2019 12:19:29 GMT" time="14.406" errors="0">
  <testcase name="OpenBrowser" time="5.553" classname="module6.DisableEnable"/>
  <testcase name="OpenAUT" time="5.642" classname="module6.DisableEnable"/>
  <testcase name="TestRegisterLink" time="1.634" classname="module6.DisableEnable"/>
  <testcase name="TestSupportLink" time="1.179" classname="module6.DisableEnable"/>
  <testcase name="CloseBrowser" time="0.24" classname="module6.DisableEnable"/>
  <testcase name="Login" time="0.0" classname="module6.DisableEnable">
    <ignored/>
  </testcase> <!-- Login -->
  <testcase name="Logout" time="0.0" classname="module6.DisableEnable">
    <ignored/>
  </testcase> <!-- Logout -->
</testsuite> <!-- Default test -->
